<?xml version="1.0" encoding="UTF-8"?>
<!-- Generated by org.testng.reporters.JUnitXMLReporter -->
<testsuite ignored="0" hostname="Shabnam" failures="0" tests="3" name="Default test" time="30.582" errors="0" timestamp="2026-06-16T21:43:45 CDT">
  <testcase classname="org.wipro.automation.testcases.RegsiterScenario_DDF" name="TC03_valid_rediffmail_creation" time="4.905"/>
  <testcase classname="org.wipro.automation.testcases.RegsiterScenario_DDF" name="TC03_valid_rediffmail_creation" time="5.816"/>
  <testcase classname="org.wipro.automation.testcases.RegsiterScenario_DDF" name="TC03_valid_rediffmail_creation" time="5.483"/>
</testsuite> <!-- Default test -->
