<?xml version="1.0" encoding="UTF-8"?>
<!-- Generated by org.testng.reporters.JUnitXMLReporter -->
<testsuite ignored="2" hostname="Santosh" failures="24" tests="106" name="Test" time="95.047" errors="0" timestamp="2026-06-12T19:18:54 IST">
  <testcase classname="demoTestNG.TestScenario11" name="fifth_testcase" time="0.026">
    <failure type="java.lang.AssertionError" message="expected [Hello TestNG] but found [Hello]">
      <![CDATA[java.lang.AssertionError: expected [Hello TestNG] but found [Hello]
at demoTestNG.TestScenario11.fifth_testcase(TestScenario11.java:40)
at java.base/java.util.ArrayList.forEach(ArrayList.java:1596)
... Removed 31 stack frames]]>
    </failure>
  </testcase> <!-- fifth_testcase -->
  <testcase classname="demoTestNG.TestScenario11" name="first_testcase" time="0.002"/>
  <testcase classname="demoTestNG.TestScenario11" name="forth_testcase" time="0.006">
    <failure type="java.lang.AssertionError" message="expected [Hello TestNG] but found [Hello]">
      <![CDATA[java.lang.AssertionError: expected [Hello TestNG] but found [Hello]
at demoTestNG.TestScenario11.forth_testcase(TestScenario11.java:32)
at java.base/java.util.ArrayList.forEach(ArrayList.java:1596)
... Removed 31 stack frames]]>
    </failure>
  </testcase> <!-- forth_testcase -->
  <testcase classname="demoTestNG.TestScenario11" name="second_testcase" time="0.001"/>
  <testcase classname="demoTestNG.TestScenario11" name="sixth_testcase" time="0.004"/>
  <testcase classname="demoTestNG.TestScenario11" name="third_testcase" time="0.001"/>
  <testcase classname="demoTestNG.TestScenario12" name="fifth_testcase" time="0.001">
    <failure type="java.lang.AssertionError" message="expected [Hello TestNG] but found [Hello]">
      <![CDATA[java.lang.AssertionError: expected [Hello TestNG] but found [Hello]
at demoTestNG.TestScenario12.fifth_testcase(TestScenario12.java:40)
at java.base/java.util.ArrayList.forEach(ArrayList.java:1596)
... Removed 31 stack frames]]>
    </failure>
  </testcase> <!-- fifth_testcase -->
  <testcase classname="demoTestNG.TestScenario12" name="first_testcase" time="0.001"/>
  <testcase classname="demoTestNG.TestScenario12" name="forth_testcase" time="0.002">
    <failure type="java.lang.AssertionError" message="expected [Hello TestNG] but found [Hello]">
      <![CDATA[java.lang.AssertionError: expected [Hello TestNG] but found [Hello]
at demoTestNG.TestScenario12.forth_testcase(TestScenario12.java:32)
at java.base/java.util.ArrayList.forEach(ArrayList.java:1596)
... Removed 31 stack frames]]>
    </failure>
  </testcase> <!-- forth_testcase -->
  <testcase classname="demoTestNG.TestScenario12" name="second_testcase" time="0.002"/>
  <testcase classname="demoTestNG.TestScenario12" name="sixth_testcase" time="0.003"/>
  <testcase classname="demoTestNG.TestScenario12" name="third_testcase" time="0.002"/>
  <testcase classname="org.xyz.auto.rediff.First_Automation" name="tc01_login_functionality" time="0.758"/>
  <testcase classname="org.xyz.auto.rediff.First_Automation" name="tc02_register_functionality" time="4.033">
    <failure type="org.openqa.selenium.ElementClickInterceptedException" message="element click intercepted: Element is not clickable at point (418, 571)
  (Session info: MicrosoftEdge=149.0.4022.62)
Build info: version: &amp;apos;4.44.0&amp;apos;, revision: &amp;apos;da2039b&amp;apos;
System info: os.name: &amp;apos;Windows 11&amp;apos;, os.arch: &amp;apos;amd64&amp;apos;, os.version: &amp;apos;10.0&amp;apos;, java.version: &amp;apos;21.0.7&amp;apos;
Driver info: org.openqa.selenium.edge.EdgeDriver
Command: [608d38ed2882c0a627a22ca663e2db98, clickElement {id=f.34CFF6B7F098DF01D8C3E0D1D357C7A2.d.567573FC12CCD6A47838F822BD9F79DF.e.118}]
Capabilities {acceptInsecureCerts: false, browserName: MicrosoftEdge, browserVersion: 149.0.4022.62, fedcm:accounts: true, goog:processID: 10784, ms:edgeOptions: {debuggerAddress: localhost:55775}, msedge: {msedgedriverVersion: 149.0.4022.62 (068a180137b0..., userDataDir: C:\Users\Santosh\AppData\Lo...}, networkConnectionEnabled: false, pageLoadStrategy: normal, platformName: windows, proxy: Proxy(), se:cdp: ws://localhost:55775/devtoo..., se:cdpVersion: 149.0.4022.62, setWindowRect: true, strictFileInteractability: false, timeouts: {implicit: 0, pageLoad: 300000, script: 30000}, unhandledPromptBehavior: dismiss and notify, webauthn:extension:credBlob: true, webauthn:extension:largeBlob: true, webauthn:extension:minPinLength: true, webauthn:extension:prf: true, webauthn:virtualAuthenticators: true}
Element: [[EdgeDriver: MicrosoftEdge on windows (608d38ed2882c0a627a22ca663e2db98)] -&amp;gt; css selector: [type=&amp;apos;checkbox&amp;apos;]]
Session ID: 608d38ed2882c0a627a22ca663e2db98">
      <![CDATA[org.openqa.selenium.ElementClickInterceptedException: element click intercepted: Element is not clickable at point (418, 571)
  (Session info: MicrosoftEdge=149.0.4022.62)
Build info: version: '4.44.0', revision: 'da2039b'
System info: os.name: 'Windows 11', os.arch: 'amd64', os.version: '10.0', java.version: '21.0.7'
Driver info: org.openqa.selenium.edge.EdgeDriver
Command: [608d38ed2882c0a627a22ca663e2db98, clickElement {id=f.34CFF6B7F098DF01D8C3E0D1D357C7A2.d.567573FC12CCD6A47838F822BD9F79DF.e.118}]
Capabilities {acceptInsecureCerts: false, browserName: MicrosoftEdge, browserVersion: 149.0.4022.62, fedcm:accounts: true, goog:processID: 10784, ms:edgeOptions: {debuggerAddress: localhost:55775}, msedge: {msedgedriverVersion: 149.0.4022.62 (068a180137b0..., userDataDir: C:\Users\Santosh\AppData\Lo...}, networkConnectionEnabled: false, pageLoadStrategy: normal, platformName: windows, proxy: Proxy(), se:cdp: ws://localhost:55775/devtoo..., se:cdpVersion: 149.0.4022.62, setWindowRect: true, strictFileInteractability: false, timeouts: {implicit: 0, pageLoad: 300000, script: 30000}, unhandledPromptBehavior: dismiss and notify, webauthn:extension:credBlob: true, webauthn:extension:largeBlob: true, webauthn:extension:minPinLength: true, webauthn:extension:prf: true, webauthn:virtualAuthenticators: true}
Element: [[EdgeDriver: MicrosoftEdge on windows (608d38ed2882c0a627a22ca663e2db98)] -> css selector: [type='checkbox']]
Session ID: 608d38ed2882c0a627a22ca663e2db98
at org.openqa.selenium.remote.ErrorCodec.decode(ErrorCodec.java:169)
at org.openqa.selenium.remote.codec.w3c.W3CHttpResponseCodec.decode(W3CHttpResponseCodec.java:143)
at org.openqa.selenium.remote.codec.w3c.W3CHttpResponseCodec.decode(W3CHttpResponseCodec.java:50)
at org.openqa.selenium.remote.HttpCommandExecutor.execute(HttpCommandExecutor.java:224)
at org.openqa.selenium.remote.service.DriverCommandExecutor.invokeExecute(DriverCommandExecutor.java:217)
at org.openqa.selenium.remote.service.DriverCommandExecutor.execute(DriverCommandExecutor.java:175)
at org.openqa.selenium.remote.RemoteWebDriver.execute(RemoteWebDriver.java:600)
at org.openqa.selenium.remote.RemoteWebElement.execute(RemoteWebElement.java:225)
at org.openqa.selenium.remote.RemoteWebElement.click(RemoteWebElement.java:79)
at org.xyz.auto.rediff.First_Automation.tc02_register_functionality(First_Automation.java:112)
at java.base/java.util.ArrayList.forEach(ArrayList.java:1596)
... Removed 25 stack frames]]>
    </failure>
  </testcase> <!-- tc02_register_functionality -->
  <testcase classname="org.xyz.auto.rediff.JyothiClass" name="saucedemo_endtoend" time="0.604"/>
  <testcase classname="demoTestNG.TestScenario13" name="fifth_testcase" time="0.002">
    <failure type="java.lang.AssertionError" message="expected [Hello TestNG] but found [Hello]">
      <![CDATA[java.lang.AssertionError: expected [Hello TestNG] but found [Hello]
at demoTestNG.TestScenario13.fifth_testcase(TestScenario13.java:40)
at java.base/java.util.ArrayList.forEach(ArrayList.java:1596)
... Removed 31 stack frames]]>
    </failure>
  </testcase> <!-- fifth_testcase -->
  <testcase classname="demoTestNG.TestScenario13" name="first_testcase" time="0.003"/>
  <testcase classname="demoTestNG.TestScenario13" name="forth_testcase" time="0.003">
    <failure type="java.lang.AssertionError" message="expected [Hello TestNG] but found [Hello]">
      <![CDATA[java.lang.AssertionError: expected [Hello TestNG] but found [Hello]
at demoTestNG.TestScenario13.forth_testcase(TestScenario13.java:32)
at java.base/java.util.ArrayList.forEach(ArrayList.java:1596)
... Removed 31 stack frames]]>
    </failure>
  </testcase> <!-- forth_testcase -->
  <testcase classname="demoTestNG.TestScenario13" name="second_testcase" time="0.003"/>
  <testcase classname="demoTestNG.TestScenario13" name="sixth_testcase" time="0.004"/>
  <testcase classname="demoTestNG.TestScenario13" name="third_testcase" time="0.004"/>
  <testcase classname="demoTestNG.TestScenario14" name="fifth_testcase" time="0.003">
    <failure type="java.lang.AssertionError" message="expected [Hello TestNG] but found [Hello]">
      <![CDATA[java.lang.AssertionError: expected [Hello TestNG] but found [Hello]
at demoTestNG.TestScenario14.fifth_testcase(TestScenario14.java:40)
at java.base/java.util.ArrayList.forEach(ArrayList.java:1596)
... Removed 31 stack frames]]>
    </failure>
  </testcase> <!-- fifth_testcase -->
  <testcase classname="demoTestNG.TestScenario14" name="first_testcase" time="0.005"/>
  <testcase classname="demoTestNG.TestScenario14" name="forth_testcase" time="0.002">
    <failure type="java.lang.AssertionError" message="expected [Hello TestNG] but found [Hello]">
      <![CDATA[java.lang.AssertionError: expected [Hello TestNG] but found [Hello]
at demoTestNG.TestScenario14.forth_testcase(TestScenario14.java:32)
at java.base/java.util.ArrayList.forEach(ArrayList.java:1596)
... Removed 31 stack frames]]>
    </failure>
  </testcase> <!-- forth_testcase -->
  <testcase classname="demoTestNG.TestScenario14" name="second_testcase" time="0.001"/>
  <testcase classname="demoTestNG.TestScenario14" name="sixth_testcase" time="0.002"/>
  <testcase classname="demoTestNG.TestScenario14" name="third_testcase" time="0.003"/>
  <testcase classname="demoTestNG.TestScenario10" name="fifth_testcase" time="0.006"/>
  <testcase classname="demoTestNG.TestScenario10" name="first_testcase" time="0.006"/>
  <testcase classname="demoTestNG.TestScenario10" name="forth_testcase" time="0.004"/>
  <testcase classname="demoTestNG.TestScenario10" name="second_testcase" time="0.003"/>
  <testcase classname="demoTestNG.TestScenario10" name="sixth_testcase" time="0.006"/>
  <testcase classname="demoTestNG.TestScenario10" name="third_testcase" time="0.004"/>
  <testcase classname="demoTestNG.TestScenario15" name="fifth_testcase" time="0.002">
    <failure type="java.lang.AssertionError" message="expected [Hello TestNG] but found [Hello]">
      <![CDATA[java.lang.AssertionError: expected [Hello TestNG] but found [Hello]
at demoTestNG.TestScenario15.fifth_testcase(TestScenario15.java:40)
at java.base/java.util.ArrayList.forEach(ArrayList.java:1596)
... Removed 31 stack frames]]>
    </failure>
  </testcase> <!-- fifth_testcase -->
  <testcase classname="demoTestNG.TestScenario15" name="first_testcase" time="0.002"/>
  <testcase classname="demoTestNG.TestScenario15" name="forth_testcase" time="0.003">
    <failure type="java.lang.AssertionError" message="expected [Hello TestNG] but found [Hello]">
      <![CDATA[java.lang.AssertionError: expected [Hello TestNG] but found [Hello]
at demoTestNG.TestScenario15.forth_testcase(TestScenario15.java:32)
at java.base/java.util.ArrayList.forEach(ArrayList.java:1596)
... Removed 31 stack frames]]>
    </failure>
  </testcase> <!-- forth_testcase -->
  <testcase classname="demoTestNG.TestScenario15" name="second_testcase" time="0.001"/>
  <testcase classname="demoTestNG.TestScenario15" name="sixth_testcase" time="0.002"/>
  <testcase classname="demoTestNG.TestScenario15" name="third_testcase" time="0.002"/>
  <testcase classname="demoTestNG.TestScenario16" name="fifth_testcase" time="0.002">
    <failure type="java.lang.AssertionError" message="expected [Hello TestNG] but found [Hello]">
      <![CDATA[java.lang.AssertionError: expected [Hello TestNG] but found [Hello]
at demoTestNG.TestScenario16.fifth_testcase(TestScenario16.java:34)
at java.base/java.util.ArrayList.forEach(ArrayList.java:1596)
... Removed 31 stack frames]]>
    </failure>
  </testcase> <!-- fifth_testcase -->
  <testcase classname="demoTestNG.TestScenario16" name="first_testcase" time="0.001"/>
  <testcase classname="demoTestNG.TestScenario16" name="forth_testcase" time="0.004">
    <failure type="java.lang.AssertionError" message="expected [Hello TestNG] but found [Hello]">
      <![CDATA[java.lang.AssertionError: expected [Hello TestNG] but found [Hello]
at demoTestNG.TestScenario16.forth_testcase(TestScenario16.java:27)
at java.base/java.util.ArrayList.forEach(ArrayList.java:1596)
... Removed 31 stack frames]]>
    </failure>
  </testcase> <!-- forth_testcase -->
  <testcase classname="demoTestNG.TestScenario16" name="second_testcase" time="0.002"/>
  <testcase classname="demoTestNG.TestScenario16" name="sixth_testcase" time="0.005"/>
  <testcase classname="demoTestNG.TestScenario16" name="third_testcase" time="0.007"/>
  <testcase classname="demoTestNG.TestScenario9" name="fifth_testcase" time="0.003">
    <failure type="java.lang.AssertionError" message="expected [Hello TestNG] but found [Hello]">
      <![CDATA[java.lang.AssertionError: expected [Hello TestNG] but found [Hello]
at demoTestNG.TestScenario9.fifth_testcase(TestScenario9.java:40)
at java.base/java.util.ArrayList.forEach(ArrayList.java:1596)
... Removed 31 stack frames]]>
    </failure>
  </testcase> <!-- fifth_testcase -->
  <testcase classname="demoTestNG.TestScenario9" name="first_testcase" time="0.002"/>
  <testcase classname="demoTestNG.TestScenario9" name="forth_testcase" time="0.001">
    <failure type="java.lang.AssertionError" message="expected [Hello TestNG] but found [Hello]">
      <![CDATA[java.lang.AssertionError: expected [Hello TestNG] but found [Hello]
at demoTestNG.TestScenario9.forth_testcase(TestScenario9.java:32)
at java.base/java.util.ArrayList.forEach(ArrayList.java:1596)
... Removed 31 stack frames]]>
    </failure>
  </testcase> <!-- forth_testcase -->
  <testcase classname="demoTestNG.TestScenario9" name="second_testcase" time="0.001"/>
  <testcase classname="demoTestNG.TestScenario9" name="sixth_testcase" time="0.002"/>
  <testcase classname="demoTestNG.TestScenario9" name="third_testcase" time="0.001"/>
  <testcase classname="demoTestNG.TestScenario8" name="fifth_testcase" time="0.005"/>
  <testcase classname="demoTestNG.TestScenario8" name="first_testcase" time="0.002"/>
  <testcase classname="demoTestNG.TestScenario8" name="forth_testcase" time="0.002"/>
  <testcase classname="demoTestNG.TestScenario8" name="second_testcase" time="0.001"/>
  <testcase classname="demoTestNG.TestScenario8" name="sixth_testcase" time="0.004"/>
  <testcase classname="demoTestNG.TestScenario8" name="third_testcase" time="0.002"/>
  <testcase classname="demoTestNG.TestScenario3" name="fifth_testcase" time="0.003"/>
  <testcase classname="demoTestNG.TestScenario3" name="first_testcase" time="0.009"/>
  <testcase classname="demoTestNG.TestScenario3" name="forth_testcase" time="0.004"/>
  <testcase classname="demoTestNG.TestScenario3" name="second_testcase" time="0.006"/>
  <testcase classname="demoTestNG.TestScenario3" name="sixth_testcase" time="0.002"/>
  <testcase classname="demoTestNG.TestScenario3" name="third_testcase" time="0.002"/>
  <testcase classname="demoTestNG.TestScenario2" name="fifth_testcase" time="0.003"/>
  <testcase classname="demoTestNG.TestScenario2" name="first_testcase" time="0.004"/>
  <testcase classname="demoTestNG.TestScenario2" name="registration" time="0.001">
    <failure type="java.lang.AssertionError" message="expected [Hello TestNG] but found [Hello]">
      <![CDATA[java.lang.AssertionError: expected [Hello TestNG] but found [Hello]
at demoTestNG.TestScenario2.registration(TestScenario2.java:26)
at java.base/java.util.ArrayList.forEach(ArrayList.java:1596)
... Removed 31 stack frames]]>
    </failure>
  </testcase> <!-- registration -->
  <testcase classname="demoTestNG.TestScenario2" name="login" time="0.0">
    <skipped/>
  </testcase> <!-- login -->
  <testcase classname="demoTestNG.TestScenario2" name="second_testcase" time="0.004"/>
  <testcase classname="demoTestNG.TestScenario2" name="sixth_testcase" time="0.002"/>
  <testcase classname="demoTestNG.TestScenario1" name="sixth_testcase" time="0.001"/>
  <testcase classname="demoTestNG.TestScenario1" name="fifth_testcase" time="0.002"/>
  <testcase classname="demoTestNG.TestScenario1" name="forth_testcase" time="0.004"/>
  <testcase classname="demoTestNG.TestScenario1" name="third_testcase" time="0.001">
    <failure type="java.lang.AssertionError" message="expected [Hello TestNG] but found [Hello]">
      <![CDATA[java.lang.AssertionError: expected [Hello TestNG] but found [Hello]
at demoTestNG.TestScenario1.third_testcase(TestScenario1.java:49)
at java.base/java.util.ArrayList.forEach(ArrayList.java:1596)
... Removed 31 stack frames]]>
    </failure>
  </testcase> <!-- third_testcase -->
  <testcase classname="demoTestNG.TestScenario1" name="first_testcase" time="0.003">
    <failure type="java.lang.AssertionError" message="expected [Hello TestNG] but found [Hello]">
      <![CDATA[java.lang.AssertionError: expected [Hello TestNG] but found [Hello]
at demoTestNG.TestScenario1.first_testcase(TestScenario1.java:15)
at java.base/java.util.ArrayList.forEach(ArrayList.java:1596)
... Removed 31 stack frames]]>
    </failure>
  </testcase> <!-- first_testcase -->
  <testcase classname="demoTestNG.TestScenario1" name="second_testcase" time="0.009">
    <failure type="java.lang.AssertionError" message="The following asserts failed:
	expected [Hello TestNG] but found [Hello],
	expected [Hello TestNG] but found [Hello]">
      <![CDATA[java.lang.AssertionError: The following asserts failed:
expected [Hello TestNG] but found [Hello],
expected [Hello TestNG] but found [Hello]
at demoTestNG.TestScenario1.second_testcase(TestScenario1.java:40)
at java.base/java.util.ArrayList.forEach(ArrayList.java:1596)
... Removed 27 stack frames]]>
    </failure>
  </testcase> <!-- second_testcase -->
  <testcase classname="demoTestNG.TestScenario7" name="fifth_testcase" time="0.003"/>
  <testcase classname="demoTestNG.TestScenario7" name="first_testcase" time="0.004"/>
  <testcase classname="demoTestNG.TestScenario7" name="forth_testcase" time="0.001"/>
  <testcase classname="demoTestNG.TestScenario7" name="second_testcase" time="0.001"/>
  <testcase classname="demoTestNG.TestScenario7" name="sixth_testcase" time="0.003"/>
  <testcase classname="demoTestNG.TestScenario7" name="third_testcase" time="0.001"/>
  <testcase classname="demoTestNG.TestScenario6" name="fifth_testcase" time="0.003">
    <failure type="java.lang.AssertionError" message="expected [Hello TestNG] but found [Hello]">
      <![CDATA[java.lang.AssertionError: expected [Hello TestNG] but found [Hello]
at demoTestNG.TestScenario6.fifth_testcase(TestScenario6.java:40)
at java.base/java.util.ArrayList.forEach(ArrayList.java:1596)
... Removed 31 stack frames]]>
    </failure>
  </testcase> <!-- fifth_testcase -->
  <testcase classname="demoTestNG.TestScenario6" name="first_testcase" time="0.006"/>
  <testcase classname="demoTestNG.TestScenario6" name="forth_testcase" time="0.002">
    <failure type="java.lang.AssertionError" message="expected [Hello TestNG] but found [Hello]">
      <![CDATA[java.lang.AssertionError: expected [Hello TestNG] but found [Hello]
at demoTestNG.TestScenario6.forth_testcase(TestScenario6.java:32)
at java.base/java.util.ArrayList.forEach(ArrayList.java:1596)
... Removed 31 stack frames]]>
    </failure>
  </testcase> <!-- forth_testcase -->
  <testcase classname="demoTestNG.TestScenario6" name="second_testcase" time="0.002"/>
  <testcase classname="demoTestNG.TestScenario6" name="sixth_testcase" time="0.001"/>
  <testcase classname="demoTestNG.TestScenario6" name="third_testcase" time="0.002"/>
  <testcase classname="demoTestNG.TestScenario5" name="fifth_testcase" time="0.002"/>
  <testcase classname="demoTestNG.TestScenario5" name="first_testcase" time="0.001"/>
  <testcase classname="demoTestNG.TestScenario5" name="forth_testcase" time="0.001"/>
  <testcase classname="demoTestNG.TestScenario5" name="second_testcase" time="0.0"/>
  <testcase classname="demoTestNG.TestScenario5" name="sixth_testcase" time="0.0"/>
  <testcase classname="demoTestNG.TestScenario5" name="third_testcase" time="0.015"/>
  <testcase classname="demoTestNG.TestScenario4" name="fifth_testcase" time="0.008">
    <failure type="java.lang.AssertionError" message="expected [Hello TestNG] but found [Hello]">
      <![CDATA[java.lang.AssertionError: expected [Hello TestNG] but found [Hello]
at demoTestNG.TestScenario4.fifth_testcase(TestScenario4.java:40)
at java.base/java.util.ArrayList.forEach(ArrayList.java:1596)
... Removed 31 stack frames]]>
    </failure>
  </testcase> <!-- fifth_testcase -->
  <testcase classname="demoTestNG.TestScenario4" name="first_testcase" time="0.027"/>
  <testcase classname="demoTestNG.TestScenario4" name="forth_testcase" time="0.004"/>
  <testcase classname="demoTestNG.TestScenario4" name="second_testcase" time="0.004"/>
  <testcase classname="demoTestNG.TestScenario4" name="sixth_testcase" time="0.002"/>
  <testcase classname="demoTestNG.TestScenario4" name="third_testcase" time="0.0">
    <failure type="java.lang.AssertionError" message="expected [Hello TestNG] but found [Hello]">
      <![CDATA[java.lang.AssertionError: expected [Hello TestNG] but found [Hello]
at demoTestNG.TestScenario4.third_testcase(TestScenario4.java:26)
at java.base/java.util.ArrayList.forEach(ArrayList.java:1596)
... Removed 31 stack frames]]>
    </failure>
  </testcase> <!-- third_testcase -->
  <testcase classname="org.xyz.auto.rediff.KeyboardMouse" name="handleMouse" time="7.695"/>
  <testcase classname="org.xyz.auto.rediff.AlertsFrames" name="handleAlerts" time="9.449"/>
  <testcase classname="org.xyz.auto.rediff.AlertsFrames" name="handleFrames" time="14.394"/>
  <testcase classname="org.xyz.auto.rediff.CalendarDemo" name="calendar_icon" time="9.88">
    <failure type="org.openqa.selenium.NoSuchElementException" message="no such element: Unable to locate element: {&amp;quot;method&amp;quot;:&amp;quot;css selector&amp;quot;,&amp;quot;selector&amp;quot;:&amp;quot;[aria-label=&amp;apos;Fri Jun 05 2026&amp;apos;]&amp;quot;}
  (Session info: chrome=149.0.7827.103)
For documentation on this error, please visit: https://www.selenium.dev/documentation/webdriver/troubleshooting/errors#nosuchelementexception
Build info: version: &amp;apos;4.44.0&amp;apos;, revision: &amp;apos;da2039b&amp;apos;
System info: os.name: &amp;apos;Windows 11&amp;apos;, os.arch: &amp;apos;amd64&amp;apos;, os.version: &amp;apos;10.0&amp;apos;, java.version: &amp;apos;21.0.7&amp;apos;
Driver info: org.openqa.selenium.chrome.ChromeDriver
Command: [4da2d5788b6e8b03e4dd1320f16016f9, findElement {using=css selector, value=[aria-label=&amp;apos;Fri Jun 05 2026&amp;apos;]}]
Capabilities {acceptInsecureCerts: false, browserName: chrome, browserVersion: 149.0.7827.103, chrome: {chromedriverVersion: 149.0.7827.115 (daf70f9ddee..., userDataDir: C:\Users\Santosh\AppData\Lo...}, fedcm:accounts: true, goog:chromeOptions: {debuggerAddress: localhost:52620}, goog:processID: 26884, networkConnectionEnabled: false, pageLoadStrategy: normal, platformName: windows, proxy: Proxy(), se:cdp: ws://localhost:52620/devtoo..., se:cdpVersion: 149.0.7827.103, setWindowRect: true, strictFileInteractability: false, timeouts: {implicit: 0, pageLoad: 300000, script: 30000}, unhandledPromptBehavior: dismiss and notify, webauthn:extension:credBlob: true, webauthn:extension:largeBlob: true, webauthn:extension:minPinLength: true, webauthn:extension:prf: true, webauthn:virtualAuthenticators: true}
Session ID: 4da2d5788b6e8b03e4dd1320f16016f9">
      <![CDATA[org.openqa.selenium.NoSuchElementException: no such element: Unable to locate element: {"method":"css selector","selector":"[aria-label='Fri Jun 05 2026']"}
  (Session info: chrome=149.0.7827.103)
For documentation on this error, please visit: https://www.selenium.dev/documentation/webdriver/troubleshooting/errors#nosuchelementexception
Build info: version: '4.44.0', revision: 'da2039b'
System info: os.name: 'Windows 11', os.arch: 'amd64', os.version: '10.0', java.version: '21.0.7'
Driver info: org.openqa.selenium.chrome.ChromeDriver
Command: [4da2d5788b6e8b03e4dd1320f16016f9, findElement {using=css selector, value=[aria-label='Fri Jun 05 2026']}]
Capabilities {acceptInsecureCerts: false, browserName: chrome, browserVersion: 149.0.7827.103, chrome: {chromedriverVersion: 149.0.7827.115 (daf70f9ddee..., userDataDir: C:\Users\Santosh\AppData\Lo...}, fedcm:accounts: true, goog:chromeOptions: {debuggerAddress: localhost:52620}, goog:processID: 26884, networkConnectionEnabled: false, pageLoadStrategy: normal, platformName: windows, proxy: Proxy(), se:cdp: ws://localhost:52620/devtoo..., se:cdpVersion: 149.0.7827.103, setWindowRect: true, strictFileInteractability: false, timeouts: {implicit: 0, pageLoad: 300000, script: 30000}, unhandledPromptBehavior: dismiss and notify, webauthn:extension:credBlob: true, webauthn:extension:largeBlob: true, webauthn:extension:minPinLength: true, webauthn:extension:prf: true, webauthn:virtualAuthenticators: true}
Session ID: 4da2d5788b6e8b03e4dd1320f16016f9
at org.openqa.selenium.remote.ErrorCodec.decode(ErrorCodec.java:169)
at org.openqa.selenium.remote.codec.w3c.W3CHttpResponseCodec.decode(W3CHttpResponseCodec.java:143)
at org.openqa.selenium.remote.codec.w3c.W3CHttpResponseCodec.decode(W3CHttpResponseCodec.java:50)
at org.openqa.selenium.remote.HttpCommandExecutor.execute(HttpCommandExecutor.java:224)
at org.openqa.selenium.remote.service.DriverCommandExecutor.invokeExecute(DriverCommandExecutor.java:217)
at org.openqa.selenium.remote.service.DriverCommandExecutor.execute(DriverCommandExecutor.java:175)
at org.openqa.selenium.remote.RemoteWebDriver.execute(RemoteWebDriver.java:600)
at org.openqa.selenium.remote.ElementLocation$ElementFinder$2.findElement(ElementLocation.java:173)
at org.openqa.selenium.remote.ElementLocation.findElement(ElementLocation.java:60)
at org.openqa.selenium.remote.RemoteWebDriver.findElement(RemoteWebDriver.java:421)
at org.openqa.selenium.remote.RemoteWebDriver.findElement(RemoteWebDriver.java:415)
at org.xyz.auto.rediff.CalendarDemo.calendar_icon(CalendarDemo.java:26)
at java.base/java.util.ArrayList.forEach(ArrayList.java:1596)
... Removed 25 stack frames]]>
    </failure>
  </testcase> <!-- calendar_icon -->
  <testcase classname="org.xyz.auto.rediff.DifferentConytrol" name="tc01_login_functionality" time="3.498"/>
  <testcase classname="org.xyz.auto.rediff.SwagLabsLogin" name="loginpage" time="4.159"/>
  <testcase classname="org.xyz.auto.rediff.BrowserControl" name="tc01_login_functionality" time="22.413"/>
  <testcase classname="org.xyz.auto.rediff.CalendarDemo" name="calendar_textbox" time="0.0">
    <ignored/>
  </testcase> <!-- calendar_textbox -->
  <testcase classname="org.xyz.auto.rediff.KeyboardMouse" name="handlekeyboard" time="0.0">
    <ignored/>
  </testcase> <!-- handlekeyboard -->
</testsuite> <!-- Test -->
