<?xml version="1.0" encoding="UTF-8"?>
<!-- Generated by org.testng.reporters.JUnitXMLReporter -->
<testsuite ignored="19" hostname="Santosh" failures="10" tests="11" name="Test(failed)" time="0.142" errors="0" timestamp="2026-05-28T19:29:14 IST">
  <testcase classname="demoTestNG.TestScenario6" name="fifth_testcase" time="0.018">
    <failure type="java.lang.AssertionError" message="expected [Hello TestNG] but found [Hello]">
      <![CDATA[java.lang.AssertionError: expected [Hello TestNG] but found [Hello]
at demoTestNG.TestScenario6.fifth_testcase(TestScenario6.java:40)
at java.base/java.util.ArrayList.forEach(ArrayList.java:1596)
... Removed 31 stack frames]]>
    </failure>
  </testcase> <!-- fifth_testcase -->
  <testcase classname="demoTestNG.TestScenario6" name="forth_testcase" time="0.003">
    <failure type="java.lang.AssertionError" message="expected [Hello TestNG] but found [Hello]">
      <![CDATA[java.lang.AssertionError: expected [Hello TestNG] but found [Hello]
at demoTestNG.TestScenario6.forth_testcase(TestScenario6.java:32)
at java.base/java.util.ArrayList.forEach(ArrayList.java:1596)
... Removed 31 stack frames]]>
    </failure>
  </testcase> <!-- forth_testcase -->
  <testcase classname="demoTestNG.TestScenario2" name="registration" time="0.003">
    <failure type="java.lang.AssertionError" message="expected [Hello TestNG] but found [Hello]">
      <![CDATA[java.lang.AssertionError: expected [Hello TestNG] but found [Hello]
at demoTestNG.TestScenario2.registration(TestScenario2.java:26)
at java.base/java.util.ArrayList.forEach(ArrayList.java:1596)
... Removed 31 stack frames]]>
    </failure>
  </testcase> <!-- registration -->
  <testcase classname="demoTestNG.TestScenario2" name="login" time="0.0">
    <skipped/>
  </testcase> <!-- login -->
  <testcase classname="demoTestNG.TestScenario4" name="fifth_testcase" time="0.002">
    <failure type="java.lang.AssertionError" message="expected [Hello TestNG] but found [Hello]">
      <![CDATA[java.lang.AssertionError: expected [Hello TestNG] but found [Hello]
at demoTestNG.TestScenario4.fifth_testcase(TestScenario4.java:40)
at java.base/java.util.ArrayList.forEach(ArrayList.java:1596)
... Removed 31 stack frames]]>
    </failure>
  </testcase> <!-- fifth_testcase -->
  <testcase classname="demoTestNG.TestScenario4" name="third_testcase" time="0.001">
    <failure type="java.lang.AssertionError" message="expected [Hello TestNG] but found [Hello]">
      <![CDATA[java.lang.AssertionError: expected [Hello TestNG] but found [Hello]
at demoTestNG.TestScenario4.third_testcase(TestScenario4.java:26)
at java.base/java.util.ArrayList.forEach(ArrayList.java:1596)
... Removed 31 stack frames]]>
    </failure>
  </testcase> <!-- third_testcase -->
  <testcase classname="demoTestNG.TestScenario9" name="fifth_testcase" time="0.001">
    <failure type="java.lang.AssertionError" message="expected [Hello TestNG] but found [Hello]">
      <![CDATA[java.lang.AssertionError: expected [Hello TestNG] but found [Hello]
at demoTestNG.TestScenario9.fifth_testcase(TestScenario9.java:40)
at java.base/java.util.ArrayList.forEach(ArrayList.java:1596)
... Removed 31 stack frames]]>
    </failure>
  </testcase> <!-- fifth_testcase -->
  <testcase classname="demoTestNG.TestScenario9" name="forth_testcase" time="0.001">
    <failure type="java.lang.AssertionError" message="expected [Hello TestNG] but found [Hello]">
      <![CDATA[java.lang.AssertionError: expected [Hello TestNG] but found [Hello]
at demoTestNG.TestScenario9.forth_testcase(TestScenario9.java:32)
at java.base/java.util.ArrayList.forEach(ArrayList.java:1596)
... Removed 31 stack frames]]>
    </failure>
  </testcase> <!-- forth_testcase -->
  <testcase classname="demoTestNG.TestScenario1" name="third_testcase" time="0.003">
    <failure type="java.lang.AssertionError" message="expected [Hello TestNG] but found [Hello]">
      <![CDATA[java.lang.AssertionError: expected [Hello TestNG] but found [Hello]
at demoTestNG.TestScenario1.third_testcase(TestScenario1.java:49)
at java.base/java.util.ArrayList.forEach(ArrayList.java:1596)
... Removed 31 stack frames]]>
    </failure>
  </testcase> <!-- third_testcase -->
  <testcase classname="demoTestNG.TestScenario1" name="first_testcase" time="0.002">
    <failure type="java.lang.AssertionError" message="expected [Hello TestNG] but found [Hello]">
      <![CDATA[java.lang.AssertionError: expected [Hello TestNG] but found [Hello]
at demoTestNG.TestScenario1.first_testcase(TestScenario1.java:15)
at java.base/java.util.ArrayList.forEach(ArrayList.java:1596)
... Removed 31 stack frames]]>
    </failure>
  </testcase> <!-- first_testcase -->
  <testcase classname="demoTestNG.TestScenario1" name="second_testcase" time="0.005">
    <failure type="java.lang.AssertionError" message="The following asserts failed:
	expected [Hello TestNG] but found [Hello],
	expected [Hello TestNG] but found [Hello]">
      <![CDATA[java.lang.AssertionError: The following asserts failed:
expected [Hello TestNG] but found [Hello],
expected [Hello TestNG] but found [Hello]
at demoTestNG.TestScenario1.second_testcase(TestScenario1.java:40)
at java.base/java.util.ArrayList.forEach(ArrayList.java:1596)
... Removed 27 stack frames]]>
    </failure>
  </testcase> <!-- second_testcase -->
  <testcase classname="demoTestNG.TestScenario9" name="first_testcase" time="0.0">
    <ignored/>
  </testcase> <!-- first_testcase -->
  <testcase classname="demoTestNG.TestScenario6" name="sixth_testcase" time="0.0">
    <ignored/>
  </testcase> <!-- sixth_testcase -->
  <testcase classname="demoTestNG.TestScenario2" name="fifth_testcase" time="0.0">
    <ignored/>
  </testcase> <!-- fifth_testcase -->
  <testcase classname="demoTestNG.TestScenario4" name="first_testcase" time="0.0">
    <ignored/>
  </testcase> <!-- first_testcase -->
  <testcase classname="demoTestNG.TestScenario1" name="forth_testcase" time="0.0">
    <ignored/>
  </testcase> <!-- forth_testcase -->
  <testcase classname="demoTestNG.TestScenario1" name="fifth_testcase" time="0.0">
    <ignored/>
  </testcase> <!-- fifth_testcase -->
  <testcase classname="demoTestNG.TestScenario9" name="sixth_testcase" time="0.0">
    <ignored/>
  </testcase> <!-- sixth_testcase -->
  <testcase classname="demoTestNG.TestScenario2" name="first_testcase" time="0.0">
    <ignored/>
  </testcase> <!-- first_testcase -->
  <testcase classname="demoTestNG.TestScenario4" name="forth_testcase" time="0.0">
    <ignored/>
  </testcase> <!-- forth_testcase -->
  <testcase classname="demoTestNG.TestScenario6" name="second_testcase" time="0.0">
    <ignored/>
  </testcase> <!-- second_testcase -->
  <testcase classname="demoTestNG.TestScenario1" name="sixth_testcase" time="0.0">
    <ignored/>
  </testcase> <!-- sixth_testcase -->
  <testcase classname="demoTestNG.TestScenario4" name="sixth_testcase" time="0.0">
    <ignored/>
  </testcase> <!-- sixth_testcase -->
  <testcase classname="demoTestNG.TestScenario9" name="third_testcase" time="0.0">
    <ignored/>
  </testcase> <!-- third_testcase -->
  <testcase classname="demoTestNG.TestScenario2" name="second_testcase" time="0.0">
    <ignored/>
  </testcase> <!-- second_testcase -->
  <testcase classname="demoTestNG.TestScenario2" name="sixth_testcase" time="0.0">
    <ignored/>
  </testcase> <!-- sixth_testcase -->
  <testcase classname="demoTestNG.TestScenario4" name="second_testcase" time="0.0">
    <ignored/>
  </testcase> <!-- second_testcase -->
  <testcase classname="demoTestNG.TestScenario6" name="third_testcase" time="0.0">
    <ignored/>
  </testcase> <!-- third_testcase -->
  <testcase classname="demoTestNG.TestScenario9" name="second_testcase" time="0.0">
    <ignored/>
  </testcase> <!-- second_testcase -->
  <testcase classname="demoTestNG.TestScenario6" name="first_testcase" time="0.0">
    <ignored/>
  </testcase> <!-- first_testcase -->
</testsuite> <!-- Test(failed) -->
