<?xml version="1.0" encoding="UTF-8"?>
<testsuite name="Test"
           tests="2"
           failures="1"
           errors="0"
           skipped="0"
           time="4.791">
    <properties></properties>

            <testcase
                name="tc02_register_functionality"
                time="4.033"
                classname="org.xyz.auto.rediff.First_Automation">

            <failure type="org.openqa.selenium.ElementClickInterceptedException" message="element click intercepted: Element is not clickable at point (418, 571)
  (Session info: MicrosoftEdge=149.0.4022.62)
Build info: version: &apos;4.44.0&apos;, revision: &apos;da2039b&apos;
System info: os.name: &apos;Windows 11&apos;, os.arch: &apos;amd64&apos;, os.version: &apos;10.0&apos;, java.version: &apos;21.0.7&apos;
Driver info: org.openqa.selenium.edge.EdgeDriver
Command: [608d38ed2882c0a627a22ca663e2db98, clickElement {id=f.34CFF6B7F098DF01D8C3E0D1D357C7A2.d.567573FC12CCD6A47838F822BD9F79DF.e.118}]
Capabilities {acceptInsecureCerts: false, browserName: MicrosoftEdge, browserVersion: 149.0.4022.62, fedcm:accounts: true, goog:processID: 10784, ms:edgeOptions: {debuggerAddress: localhost:55775}, msedge: {msedgedriverVersion: 149.0.4022.62 (068a180137b0..., userDataDir: C:\Users\Santosh\AppData\Lo...}, networkConnectionEnabled: false, pageLoadStrategy: normal, platformName: windows, proxy: Proxy(), se:cdp: ws://localhost:55775/devtoo..., se:cdpVersion: 149.0.4022.62, setWindowRect: true, strictFileInteractability: false, timeouts: {implicit: 0, pageLoad: 300000, script: 30000}, unhandledPromptBehavior: dismiss and notify, webauthn:extension:credBlob: true, webauthn:extension:largeBlob: true, webauthn:extension:minPinLength: true, webauthn:extension:prf: true, webauthn:virtualAuthenticators: true}
Element: [[EdgeDriver: MicrosoftEdge on windows (608d38ed2882c0a627a22ca663e2db98)] -&gt; css selector: [type=&apos;checkbox&apos;]]
Session ID: 608d38ed2882c0a627a22ca663e2db98">
                <![CDATA[org.openqa.selenium.ElementClickInterceptedException: element click intercepted: Element is not clickable at point (418, 571)
  (Session info: MicrosoftEdge=149.0.4022.62)
Build info: version: '4.44.0', revision: 'da2039b'
System info: os.name: 'Windows 11', os.arch: 'amd64', os.version: '10.0', java.version: '21.0.7'
Driver info: org.openqa.selenium.edge.EdgeDriver
Command: [608d38ed2882c0a627a22ca663e2db98, clickElement {id=f.34CFF6B7F098DF01D8C3E0D1D357C7A2.d.567573FC12CCD6A47838F822BD9F79DF.e.118}]
Capabilities {acceptInsecureCerts: false, browserName: MicrosoftEdge, browserVersion: 149.0.4022.62, fedcm:accounts: true, goog:processID: 10784, ms:edgeOptions: {debuggerAddress: localhost:55775}, msedge: {msedgedriverVersion: 149.0.4022.62 (068a180137b0..., userDataDir: C:\Users\Santosh\AppData\Lo...}, networkConnectionEnabled: false, pageLoadStrategy: normal, platformName: windows, proxy: Proxy(), se:cdp: ws://localhost:55775/devtoo..., se:cdpVersion: 149.0.4022.62, setWindowRect: true, strictFileInteractability: false, timeouts: {implicit: 0, pageLoad: 300000, script: 30000}, unhandledPromptBehavior: dismiss and notify, webauthn:extension:credBlob: true, webauthn:extension:largeBlob: true, webauthn:extension:minPinLength: true, webauthn:extension:prf: true, webauthn:virtualAuthenticators: true}
Element: [[EdgeDriver: MicrosoftEdge on windows (608d38ed2882c0a627a22ca663e2db98)] -> css selector: [type='checkbox']]
Session ID: 608d38ed2882c0a627a22ca663e2db98
                org.openqa.selenium.remote.ErrorCodec.decode(ErrorCodec.java:169)org.openqa.selenium.remote.codec.w3c.W3CHttpResponseCodec.decode(W3CHttpResponseCodec.java:143)org.openqa.selenium.remote.codec.w3c.W3CHttpResponseCodec.decode(W3CHttpResponseCodec.java:50)org.openqa.selenium.remote.HttpCommandExecutor.execute(HttpCommandExecutor.java:224)org.openqa.selenium.remote.service.DriverCommandExecutor.invokeExecute(DriverCommandExecutor.java:217)org.openqa.selenium.remote.service.DriverCommandExecutor.execute(DriverCommandExecutor.java:175)org.openqa.selenium.remote.RemoteWebDriver.execute(RemoteWebDriver.java:600)org.openqa.selenium.remote.RemoteWebElement.execute(RemoteWebElement.java:225)org.openqa.selenium.remote.RemoteWebElement.click(RemoteWebElement.java:79)org.xyz.auto.rediff.First_Automation.tc02_register_functionality(First_Automation.java:112)java.base/jdk.internal.reflect.DirectMethodHandleAccessor.invoke(DirectMethodHandleAccessor.java:103)java.base/java.lang.reflect.Method.invoke(Method.java:580)org.testng.internal.invokers.MethodInvocationHelper.invokeMethod(MethodInvocationHelper.java:141)org.testng.internal.invokers.TestInvoker.invokeMethod(TestInvoker.java:687)org.testng.internal.invokers.TestInvoker.invokeTestMethod(TestInvoker.java:230)org.testng.internal.invokers.MethodRunner.runInSequence(MethodRunner.java:63)org.testng.internal.invokers.TestInvoker$MethodInvocationAgent.invoke(TestInvoker.java:995)org.testng.internal.invokers.TestInvoker.invokeTestMethods(TestInvoker.java:203)org.testng.internal.invokers.TestMethodWorker.invokeTestMethods(TestMethodWorker.java:154)org.testng.internal.invokers.TestMethodWorker.run(TestMethodWorker.java:134)java.base/java.util.ArrayList.forEach(ArrayList.java:1596)org.testng.TestRunner.privateRun(TestRunner.java:741)org.testng.TestRunner.run(TestRunner.java:616)org.testng.SuiteRunner.runTest(SuiteRunner.java:421)org.testng.SuiteRunner.runSequentially(SuiteRunner.java:413)org.testng.SuiteRunner.privateRun(SuiteRunner.java:373)org.testng.SuiteRunner.run(SuiteRunner.java:312)org.testng.SuiteRunnerWorker.runSuite(SuiteRunnerWorker.java:52)org.testng.SuiteRunnerWorker.run(SuiteRunnerWorker.java:95)org.testng.TestNG.runSuitesSequentially(TestNG.java:1274)org.testng.TestNG.runSuitesLocally(TestNG.java:1208)org.testng.TestNG.runSuites(TestNG.java:1112)org.testng.TestNG.run(TestNG.java:1079)org.testng.remote.AbstractRemoteTestNG.run(AbstractRemoteTestNG.java:115)org.testng.remote.RemoteTestNG.initAndRun(RemoteTestNG.java:293)org.testng.remote.RemoteTestNG.main(RemoteTestNG.java:91)
]]>
            </failure>
    </testcase>


            <testcase
                name="tc01_login_functionality"
                time="0.758"
                classname="org.xyz.auto.rediff.First_Automation">
            </testcase>
</testsuite>
