<?xml version="1.0" encoding="UTF-8"?>
<testng-results ignored="0" total="3" passed="3" failed="0" skipped="0">
  <reporter-output>
  </reporter-output>
  <suite started-at="2026-06-16T21:43:15 CDT" name="Default suite" finished-at="2026-06-16T21:43:45 CDT" duration-ms="30582">
    <groups>
    </groups>
    <test started-at="2026-06-16T21:43:15 CDT" name="Default test" finished-at="2026-06-16T21:43:45 CDT" duration-ms="30582">
      <class name="org.wipro.automation.testcases.RegsiterScenario_DDF">
        <test-method is-config="true" signature="launchBrowser()[pri:0, instance:org.wipro.automation.testcases.RegsiterScenario_DDF@198b6731]" started-at="2026-06-16T21:43:15 CDT" name="launchBrowser" finished-at="2026-06-16T21:43:20 CDT" duration-ms="5631" status="PASS">
          <reporter-output>
          </reporter-output>
        </test-method> <!-- launchBrowser -->
        <test-method signature="TC03_valid_rediffmail_creation(java.lang.String,java.lang.String,java.lang.String,java.lang.String,java.lang.String,java.lang.String,java.lang.String)[pri:0, instance:org.wipro.automation.testcases.RegsiterScenario_DDF@198b6731]" started-at="2026-06-16T21:43:20 CDT" name="TC03_valid_rediffmail_creation" data-provider="register" finished-at="2026-06-16T21:43:25 CDT" duration-ms="4905" status="PASS">
          <params>
            <param index="0">
              <value>
                <![CDATA[john]]>
              </value>
            </param>
            <param index="1">
              <value>
                <![CDATA[john1]]>
              </value>
            </param>
            <param index="2">
              <value>
                <![CDATA[1234]]>
              </value>
            </param>
            <param index="3">
              <value>
                <![CDATA[1234]]>
              </value>
            </param>
            <param index="4">
              <value>
                <![CDATA[05]]>
              </value>
            </param>
            <param index="5">
              <value>
                <![CDATA[NOV]]>
              </value>
            </param>
            <param index="6">
              <value>
                <![CDATA[1986]]>
              </value>
            </param>
          </params>
          <reporter-output>
          </reporter-output>
        </test-method> <!-- TC03_valid_rediffmail_creation -->
        <test-method is-config="true" signature="launchBrowser()[pri:0, instance:org.wipro.automation.testcases.RegsiterScenario_DDF@198b6731]" started-at="2026-06-16T21:43:25 CDT" name="launchBrowser" finished-at="2026-06-16T21:43:30 CDT" duration-ms="4158" status="PASS">
          <reporter-output>
          </reporter-output>
        </test-method> <!-- launchBrowser -->
        <test-method is-config="true" signature="closeBrowser()[pri:0, instance:org.wipro.automation.testcases.RegsiterScenario_DDF@198b6731]" started-at="2026-06-16T21:43:25 CDT" name="closeBrowser" finished-at="2026-06-16T21:43:25 CDT" duration-ms="0" status="PASS">
          <reporter-output>
          </reporter-output>
        </test-method> <!-- closeBrowser -->
        <test-method signature="TC03_valid_rediffmail_creation(java.lang.String,java.lang.String,java.lang.String,java.lang.String,java.lang.String,java.lang.String,java.lang.String)[pri:0, instance:org.wipro.automation.testcases.RegsiterScenario_DDF@198b6731]" started-at="2026-06-16T21:43:30 CDT" name="TC03_valid_rediffmail_creation" data-provider="register" finished-at="2026-06-16T21:43:35 CDT" duration-ms="5816" status="PASS">
          <params>
            <param index="0">
              <value>
                <![CDATA[David]]>
              </value>
            </param>
            <param index="1">
              <value>
                <![CDATA[david1]]>
              </value>
            </param>
            <param index="2">
              <value>
                <![CDATA[241241]]>
              </value>
            </param>
            <param index="3">
              <value>
                <![CDATA[241241]]>
              </value>
            </param>
            <param index="4">
              <value>
                <![CDATA[06]]>
              </value>
            </param>
            <param index="5">
              <value>
                <![CDATA[OCT]]>
              </value>
            </param>
            <param index="6">
              <value>
                <![CDATA[1990]]>
              </value>
            </param>
          </params>
          <reporter-output>
          </reporter-output>
        </test-method> <!-- TC03_valid_rediffmail_creation -->
        <test-method is-config="true" signature="closeBrowser()[pri:0, instance:org.wipro.automation.testcases.RegsiterScenario_DDF@198b6731]" started-at="2026-06-16T21:43:35 CDT" name="closeBrowser" finished-at="2026-06-16T21:43:35 CDT" duration-ms="0" status="PASS">
          <reporter-output>
          </reporter-output>
        </test-method> <!-- closeBrowser -->
        <test-method is-config="true" signature="launchBrowser()[pri:0, instance:org.wipro.automation.testcases.RegsiterScenario_DDF@198b6731]" started-at="2026-06-16T21:43:35 CDT" name="launchBrowser" finished-at="2026-06-16T21:43:40 CDT" duration-ms="4536" status="PASS">
          <reporter-output>
          </reporter-output>
        </test-method> <!-- launchBrowser -->
        <test-method signature="TC03_valid_rediffmail_creation(java.lang.String,java.lang.String,java.lang.String,java.lang.String,java.lang.String,java.lang.String,java.lang.String)[pri:0, instance:org.wipro.automation.testcases.RegsiterScenario_DDF@198b6731]" started-at="2026-06-16T21:43:40 CDT" name="TC03_valid_rediffmail_creation" data-provider="register" finished-at="2026-06-16T21:43:45 CDT" duration-ms="5483" status="PASS">
          <params>
            <param index="0">
              <value>
                <![CDATA[Neena]]>
              </value>
            </param>
            <param index="1">
              <value>
                <![CDATA[neena1]]>
              </value>
            </param>
            <param index="2">
              <value>
                <![CDATA[n2020]]>
              </value>
            </param>
            <param index="3">
              <value>
                <![CDATA[n2020]]>
              </value>
            </param>
            <param index="4">
              <value>
                <![CDATA[07]]>
              </value>
            </param>
            <param index="5">
              <value>
                <![CDATA[JUN]]>
              </value>
            </param>
            <param index="6">
              <value>
                <![CDATA[1989]]>
              </value>
            </param>
          </params>
          <reporter-output>
          </reporter-output>
        </test-method> <!-- TC03_valid_rediffmail_creation -->
        <test-method is-config="true" signature="closeBrowser()[pri:0, instance:org.wipro.automation.testcases.RegsiterScenario_DDF@198b6731]" started-at="2026-06-16T21:43:45 CDT" name="closeBrowser" finished-at="2026-06-16T21:43:45 CDT" duration-ms="0" status="PASS">
          <reporter-output>
          </reporter-output>
        </test-method> <!-- closeBrowser -->
      </class> <!-- org.wipro.automation.testcases.RegsiterScenario_DDF -->
    </test> <!-- Default test -->
  </suite> <!-- Default suite -->
</testng-results>
