<?xml version="1.0" encoding="UTF-8"?>
<!-- Generated by org.testng.reporters.JUnitReportReporter -->
<testsuite hostname="Santosh" failures="0" tests="6" name="demoTestNG.TestScenario5" time="0.019" errors="0" timestamp="2026-06-12T19:18:55 IST" skipped="0">
  <testcase classname="demoTestNG.TestScenario5" name="forth_testcase" time="0.001"/>
  <testcase classname="demoTestNG.TestScenario5" name="first_testcase" time="0.001"/>
  <testcase classname="demoTestNG.TestScenario5" name="fifth_testcase" time="0.002"/>
  <testcase classname="demoTestNG.TestScenario5" name="sixth_testcase" time="0.000"/>
  <testcase classname="demoTestNG.TestScenario5" name="second_testcase" time="0.000"/>
  <testcase classname="demoTestNG.TestScenario5" name="third_testcase" time="0.015"/>
</testsuite> <!-- demoTestNG.TestScenario5 -->
