<?xml version="1.0" encoding="UTF-8"?>
<!-- Generated by org.testng.reporters.JUnitReportReporter -->
<testsuite hostname="Santosh" failures="0" tests="3" name="org.wipro.automation.testcases.LoginScenario_DDF" time="35.488" errors="0" timestamp="2026-06-16T19:37:48 IST" skipped="0">
  <testcase classname="org.wipro.automation.testcases.LoginScenario_DDF" name="TC02_valid_Account_Login" time="11.491"/>
  <testcase classname="org.wipro.automation.testcases.LoginScenario_DDF" name="TC02_valid_Account_Login" time="13.662"/>
  <testcase classname="org.wipro.automation.testcases.LoginScenario_DDF" name="TC02_valid_Account_Login" time="10.335"/>
</testsuite> <!-- org.wipro.automation.testcases.LoginScenario_DDF -->
