<?xml version="1.0" encoding="UTF-8"?>
<!-- Generated by org.testng.reporters.JUnitReportReporter -->
<testsuite hostname="Santosh" failures="0" tests="6" name="demoTestNG.TestScenario10" time="0.029" errors="0" timestamp="2026-06-12T19:18:55 IST" skipped="0">
  <testcase classname="demoTestNG.TestScenario10" name="fifth_testcase" time="0.006"/>
  <testcase classname="demoTestNG.TestScenario10" name="second_testcase" time="0.003"/>
  <testcase classname="demoTestNG.TestScenario10" name="first_testcase" time="0.006"/>
  <testcase classname="demoTestNG.TestScenario10" name="sixth_testcase" time="0.006"/>
  <testcase classname="demoTestNG.TestScenario10" name="third_testcase" time="0.004"/>
  <testcase classname="demoTestNG.TestScenario10" name="forth_testcase" time="0.004"/>
</testsuite> <!-- demoTestNG.TestScenario10 -->
