<?xml version="1.0" encoding="UTF-8"?>
<!-- Generated by org.testng.reporters.JUnitReportReporter -->
<testsuite hostname="Shabnam" failures="0" tests="3" name="org.wipro.automation.testcases.RegsiterScenario_DDF" time="30.529" errors="0" timestamp="2026-06-16T21:43:46 CDT" skipped="0">
  <testcase classname="org.wipro.automation.testcases.RegsiterScenario_DDF" name="TC03_valid_rediffmail_creation" time="10.536"/>
  <testcase classname="org.wipro.automation.testcases.RegsiterScenario_DDF" name="TC03_valid_rediffmail_creation" time="9.974"/>
  <testcase classname="org.wipro.automation.testcases.RegsiterScenario_DDF" name="TC03_valid_rediffmail_creation" time="10.019"/>
</testsuite> <!-- org.wipro.automation.testcases.RegsiterScenario_DDF -->
