<?xml version="1.0" encoding="UTF-8"?>
<!-- Generated by org.testng.reporters.JUnitReportReporter -->
<testsuite hostname="Santosh" failures="0" tests="2" name="org.xyz.auto.rediff.AlertsFrames" time="23.843" errors="0" timestamp="2026-06-12T19:18:55 IST" skipped="0">
  <testcase classname="org.xyz.auto.rediff.AlertsFrames" name="handleAlerts" time="9.449"/>
  <testcase classname="org.xyz.auto.rediff.AlertsFrames" name="handleFrames" time="14.394"/>
</testsuite> <!-- org.xyz.auto.rediff.AlertsFrames -->
