<?xml version="1.0" encoding="UTF-8"?>
<!-- Generated by org.testng.reporters.JUnitReportReporter -->
<testsuite hostname="Santosh" failures="0" tests="2" name="org.xyz.auto.rediff.KeyboardMouse" time="7.695" errors="0" timestamp="2026-06-12T19:18:55 IST" skipped="1">
  <testcase classname="org.xyz.auto.rediff.KeyboardMouse" name="handleMouse" time="7.695"/>
  <testcase classname="org.xyz.auto.rediff.KeyboardMouse" name="handlekeyboard">
    <skipped/>
  </testcase> <!-- handlekeyboard -->
</testsuite> <!-- org.xyz.auto.rediff.KeyboardMouse -->
